<?xml version="1.0" encoding="UTF-8"?>
<testsuite name="ticktacktoe.TickTackToeTest" tests="4" skipped="0" failures="0" errors="0" timestamp="2016-10-27T16:58:35" hostname="Tumi-PC" time="0.003">
  <properties/>
  <testcase name="test_initial_fill" classname="ticktacktoe.TickTackToeTest" time="0.002"/>
  <testcase name="test_modify_board" classname="ticktacktoe.TickTackToeTest" time="0.0"/>
  <testcase name="test_is_horizontal_winner" classname="ticktacktoe.TickTackToeTest" time="0.0"/>
  <testcase name="test_is_vertical_winner" classname="ticktacktoe.TickTackToeTest" time="0.001"/>
  <system-out><![CDATA[]]></system-out>
  <system-err><![CDATA[]]></system-err>
</testsuite>
