<?xml version="1.0" encoding="UTF-8"?>
<testsuite name="ticktacktoe.TickTackToeTest" tests="1" skipped="0" failures="0" errors="0" timestamp="2016-10-27T15:25:19" hostname="Tumi-PC" time="0.0">
  <properties/>
  <testcase name="testAdd" classname="ticktacktoe.TickTackToeTest" time="0.0"/>
  <system-out><![CDATA[]]></system-out>
  <system-err><![CDATA[]]></system-err>
</testsuite>
