<?xml version="1.0" encoding="UTF-8"?>
<testsuite name="ticktacktoe.TickTackToeTest" tests="3" skipped="0" failures="0" errors="0" timestamp="2016-10-27T16:50:42" hostname="LAPTOP-5C92K9T2" time="0.004">
  <properties/>
  <testcase name="test_initial_fill" classname="ticktacktoe.TickTackToeTest" time="0.003"/>
  <testcase name="test_modify_board" classname="ticktacktoe.TickTackToeTest" time="0.0"/>
  <testcase name="test_is_occupied" classname="ticktacktoe.TickTackToeTest" time="0.0"/>
  <system-out><![CDATA[]]></system-out>
  <system-err><![CDATA[]]></system-err>
</testsuite>
